<?xml version="1.0" encoding="UTF-8"?>
<coverage generated="1737677898739" clover="3.2.0">
  <project timestamp="1737677898739" name="All files">
    <metrics statements="79" coveredstatements="79" conditionals="27" coveredconditionals="27" methods="18" coveredmethods="18" elements="124" coveredelements="124" complexity="0" loc="79" ncloc="79" packages="1" files="2" classes="2"/>
    <file name="game.ts" path="C:\Users\41783\Documents\アウトプット\Javascript\learning-typescript\learning_AgileSoftware\Bowling\src\domain\game.ts">
      <metrics statements="37" coveredstatements="37" conditionals="14" coveredconditionals="14" methods="10" coveredmethods="10"/>
      <line num="1" count="1" type="stmt"/>
      <line num="3" count="1" type="cond" truecount="1" falsecount="0"/>
      <line num="4" count="9" type="stmt"/>
      <line num="5" count="9" type="stmt"/>
      <line num="6" count="9" type="stmt"/>
      <line num="8" count="9" type="cond" truecount="1" falsecount="0"/>
      <line num="10" count="9" type="cond" truecount="1" falsecount="0"/>
      <line num="11" count="9" type="stmt"/>
      <line num="12" count="9" type="stmt"/>
      <line num="14" count="9" type="cond" truecount="1" falsecount="0"/>
      <line num="15" count="87" type="stmt"/>
      <line num="16" count="87" type="stmt"/>
      <line num="17" count="87" type="stmt"/>
      <line num="19" count="9" type="cond" truecount="1" falsecount="0"/>
      <line num="20" count="14" type="stmt"/>
      <line num="21" count="14" type="stmt"/>
      <line num="23" count="9" type="cond" truecount="1" falsecount="0"/>
      <line num="24" count="87" type="cond" truecount="1" falsecount="0"/>
      <line num="25" count="60" type="stmt"/>
      <line num="26" count="60" type="stmt"/>
      <line num="27" count="87" type="cond" truecount="1" falsecount="0"/>
      <line num="28" count="27" type="stmt"/>
      <line num="29" count="27" type="stmt"/>
      <line num="30" count="87" type="stmt"/>
      <line num="32" count="9" type="cond" truecount="1" falsecount="0"/>
      <line num="33" count="87" type="cond" truecount="1" falsecount="0"/>
      <line num="34" count="87" type="stmt"/>
      <line num="36" count="9" type="cond" truecount="1" falsecount="0"/>
      <line num="37" count="87" type="cond" truecount="1" falsecount="0"/>
      <line num="38" count="87" type="stmt"/>
      <line num="40" count="9" type="cond" truecount="1" falsecount="0"/>
      <line num="41" count="60" type="stmt"/>
      <line num="42" count="60" type="stmt"/>
      <line num="44" count="9" type="cond" truecount="1" falsecount="0"/>
      <line num="45" count="5" type="stmt"/>
      <line num="46" count="5" type="stmt"/>
      <line num="47" count="9" type="stmt"/>
    </file>
    <file name="score.ts" path="C:\Users\41783\Documents\アウトプット\Javascript\learning-typescript\learning_AgileSoftware\Bowling\src\domain\score.ts">
      <metrics statements="42" coveredstatements="42" conditionals="13" coveredconditionals="13" methods="8" coveredmethods="8"/>
      <line num="1" count="1" type="stmt"/>
      <line num="2" count="1" type="cond" truecount="1" falsecount="0"/>
      <line num="3" count="9" type="stmt"/>
      <line num="4" count="9" type="stmt"/>
      <line num="5" count="9" type="stmt"/>
      <line num="6" count="9" type="stmt"/>
      <line num="8" count="1" type="cond" truecount="1" falsecount="0"/>
      <line num="9" count="87" type="stmt"/>
      <line num="10" count="87" type="stmt"/>
      <line num="12" count="1" type="cond" truecount="1" falsecount="0"/>
      <line num="13" count="14" type="stmt"/>
      <line num="14" count="14" type="stmt"/>
      <line num="16" count="14" type="cond" truecount="1" falsecount="0"/>
      <line num="17" count="63" type="cond" truecount="1" falsecount="0"/>
      <line num="18" count="33" type="stmt"/>
      <line num="19" count="33" type="stmt"/>
      <line num="20" count="63" type="cond" truecount="2" falsecount="0"/>
      <line num="21" count="10" type="stmt"/>
      <line num="22" count="10" type="stmt"/>
      <line num="23" count="30" type="cond" truecount="1" falsecount="0"/>
      <line num="24" count="20" type="stmt"/>
      <line num="25" count="20" type="stmt"/>
      <line num="26" count="20" type="stmt"/>
      <line num="27" count="63" type="stmt"/>
      <line num="29" count="14" type="stmt"/>
      <line num="30" count="14" type="stmt"/>
      <line num="32" count="1" type="cond" truecount="1" falsecount="0"/>
      <line num="33" count="63" type="stmt"/>
      <line num="34" count="63" type="stmt"/>
      <line num="36" count="1" type="cond" truecount="1" falsecount="0"/>
      <line num="37" count="33" type="stmt"/>
      <line num="38" count="33" type="stmt"/>
      <line num="40" count="1" type="cond" truecount="1" falsecount="0"/>
      <line num="41" count="30" type="stmt"/>
      <line num="42" count="30" type="stmt"/>
      <line num="44" count="1" type="cond" truecount="1" falsecount="0"/>
      <line num="45" count="10" type="stmt"/>
      <line num="46" count="10" type="stmt"/>
      <line num="48" count="1" type="cond" truecount="1" falsecount="0"/>
      <line num="49" count="20" type="stmt"/>
      <line num="50" count="20" type="stmt"/>
      <line num="51" count="1" type="stmt"/>
    </file>
  </project>
</coverage>
