{"C:\\Users\\41783\\Documents\\アウトプット\\Javascript\\learning-typescript\\learning_AgileSoftware\\Bowling\\src\\domain\\game.ts": {"path":"C:\\Users\\41783\\Documents\\アウトプット\\Javascript\\learning-typescript\\learning_AgileSoftware\\Bowling\\src\\domain\\game.ts","all":false,"statementMap":{"0":{"start":{"line":1,"column":0},"end":{"line":1,"column":19}},"1":{"start":{"line":2,"column":0},"end":{"line":2,"column":23}},"3":{"start":{"line":4,"column":0},"end":{"line":4,"column":30}},"4":{"start":{"line":5,"column":0},"end":{"line":5,"column":34}},"5":{"start":{"line":6,"column":0},"end":{"line":6,"column":30}},"6":{"start":{"line":7,"column":0},"end":{"line":7,"column":35}},"8":{"start":{"line":9,"column":0},"end":{"line":9,"column":45}},"9":{"start":{"line":10,"column":0},"end":{"line":10,"column":43}},"10":{"start":{"line":11,"column":0},"end":{"line":11,"column":29}},"11":{"start":{"line":12,"column":0},"end":{"line":12,"column":18}},"12":{"start":{"line":13,"column":0},"end":{"line":13,"column":3}},"14":{"start":{"line":15,"column":0},"end":{"line":15,"column":29}},"15":{"start":{"line":16,"column":0},"end":{"line":16,"column":58}},"16":{"start":{"line":17,"column":0},"end":{"line":17,"column":3}},"18":{"start":{"line":19,"column":0},"end":{"line":19,"column":34}},"19":{"start":{"line":20,"column":0},"end":{"line":20,"column":26}},"20":{"start":{"line":21,"column":0},"end":{"line":21,"column":50}},"21":{"start":{"line":22,"column":0},"end":{"line":22,"column":34}},"22":{"start":{"line":23,"column":0},"end":{"line":23,"column":3}},"24":{"start":{"line":25,"column":0},"end":{"line":25,"column":44}},"25":{"start":{"line":26,"column":0},"end":{"line":26,"column":33}},"26":{"start":{"line":27,"column":0},"end":{"line":27,"column":23}},"27":{"start":{"line":28,"column":0},"end":{"line":28,"column":31}},"28":{"start":{"line":29,"column":0},"end":{"line":29,"column":14}},"29":{"start":{"line":30,"column":0},"end":{"line":30,"column":39}},"30":{"start":{"line":31,"column":0},"end":{"line":31,"column":7}},"31":{"start":{"line":32,"column":0},"end":{"line":32,"column":12}},"32":{"start":{"line":33,"column":0},"end":{"line":33,"column":36}},"33":{"start":{"line":34,"column":0},"end":{"line":34,"column":29}},"34":{"start":{"line":35,"column":0},"end":{"line":35,"column":5}},"35":{"start":{"line":36,"column":0},"end":{"line":36,"column":62}},"36":{"start":{"line":37,"column":0},"end":{"line":37,"column":3}},"38":{"start":{"line":39,"column":0},"end":{"line":39,"column":47}},"39":{"start":{"line":40,"column":0},"end":{"line":40,"column":18}},"40":{"start":{"line":41,"column":0},"end":{"line":41,"column":18}},"42":{"start":{"line":43,"column":0},"end":{"line":43,"column":37}},"43":{"start":{"line":44,"column":0},"end":{"line":44,"column":26}},"44":{"start":{"line":45,"column":0},"end":{"line":45,"column":20}},"45":{"start":{"line":46,"column":0},"end":{"line":46,"column":42}},"46":{"start":{"line":47,"column":0},"end":{"line":47,"column":14}},"47":{"start":{"line":48,"column":0},"end":{"line":48,"column":42}},"48":{"start":{"line":49,"column":0},"end":{"line":49,"column":7}},"49":{"start":{"line":50,"column":0},"end":{"line":50,"column":5}},"51":{"start":{"line":52,"column":0},"end":{"line":52,"column":17}},"52":{"start":{"line":53,"column":0},"end":{"line":53,"column":3}},"54":{"start":{"line":55,"column":0},"end":{"line":55,"column":39}},"55":{"start":{"line":56,"column":0},"end":{"line":56,"column":18}},"57":{"start":{"line":58,"column":0},"end":{"line":58,"column":23}},"58":{"start":{"line":59,"column":0},"end":{"line":59,"column":21}},"59":{"start":{"line":60,"column":0},"end":{"line":60,"column":36}},"60":{"start":{"line":61,"column":0},"end":{"line":61,"column":12}},"61":{"start":{"line":62,"column":0},"end":{"line":62,"column":37}},"62":{"start":{"line":63,"column":0},"end":{"line":63,"column":21}},"63":{"start":{"line":64,"column":0},"end":{"line":64,"column":5}},"65":{"start":{"line":66,"column":0},"end":{"line":66,"column":17}},"66":{"start":{"line":67,"column":0},"end":{"line":67,"column":3}},"68":{"start":{"line":69,"column":0},"end":{"line":69,"column":28}},"69":{"start":{"line":70,"column":0},"end":{"line":70,"column":32}},"70":{"start":{"line":71,"column":0},"end":{"line":71,"column":3}},"72":{"start":{"line":73,"column":0},"end":{"line":73,"column":29}},"73":{"start":{"line":74,"column":0},"end":{"line":74,"column":43}},"74":{"start":{"line":75,"column":0},"end":{"line":75,"column":3}},"76":{"start":{"line":77,"column":0},"end":{"line":77,"column":34}},"77":{"start":{"line":78,"column":0},"end":{"line":78,"column":69}},"78":{"start":{"line":79,"column":0},"end":{"line":79,"column":3}},"80":{"start":{"line":81,"column":0},"end":{"line":81,"column":28}},"81":{"start":{"line":82,"column":0},"end":{"line":82,"column":75}},"82":{"start":{"line":83,"column":0},"end":{"line":83,"column":3}},"84":{"start":{"line":85,"column":0},"end":{"line":85,"column":30}},"85":{"start":{"line":86,"column":0},"end":{"line":86,"column":37}},"86":{"start":{"line":87,"column":0},"end":{"line":87,"column":3}},"88":{"start":{"line":89,"column":0},"end":{"line":89,"column":36}},"89":{"start":{"line":90,"column":0},"end":{"line":90,"column":69}},"90":{"start":{"line":91,"column":0},"end":{"line":91,"column":3}},"91":{"start":{"line":92,"column":0},"end":{"line":92,"column":1}}},"s":{"0":1,"1":9,"3":9,"4":9,"5":9,"6":9,"8":9,"9":9,"10":9,"11":9,"12":9,"14":9,"15":9,"16":9,"18":9,"19":87,"20":87,"21":87,"22":87,"24":9,"25":87,"26":63,"27":36,"28":63,"29":27,"30":27,"31":87,"32":24,"33":24,"34":24,"35":87,"36":87,"38":9,"39":14,"40":14,"42":14,"43":63,"44":33,"45":33,"46":63,"47":30,"48":30,"49":63,"51":14,"52":14,"54":9,"55":30,"57":30,"58":10,"59":10,"60":30,"61":20,"62":20,"63":20,"65":30,"66":30,"68":9,"69":14,"70":14,"72":9,"73":63,"74":63,"76":9,"77":33,"78":33,"80":9,"81":30,"82":30,"84":9,"85":10,"86":10,"88":9,"89":20,"90":20,"91":9},"branchMap":{"0":{"type":"branch","line":1,"loc":{"start":{"line":1,"column":7},"end":{"line":92,"column":1}},"locations":[{"start":{"line":1,"column":7},"end":{"line":92,"column":1}}]},"1":{"type":"branch","line":9,"loc":{"start":{"line":9,"column":2},"end":{"line":13,"column":3}},"locations":[{"start":{"line":9,"column":2},"end":{"line":13,"column":3}}]},"2":{"type":"branch","line":15,"loc":{"start":{"line":15,"column":9},"end":{"line":17,"column":3}},"locations":[{"start":{"line":15,"column":9},"end":{"line":17,"column":3}}]},"3":{"type":"branch","line":19,"loc":{"start":{"line":19,"column":9},"end":{"line":23,"column":3}},"locations":[{"start":{"line":19,"column":9},"end":{"line":23,"column":3}}]},"4":{"type":"branch","line":25,"loc":{"start":{"line":25,"column":10},"end":{"line":37,"column":3}},"locations":[{"start":{"line":25,"column":10},"end":{"line":37,"column":3}}]},"5":{"type":"branch","line":26,"loc":{"start":{"line":26,"column":32},"end":{"line":32,"column":11}},"locations":[{"start":{"line":26,"column":32},"end":{"line":32,"column":11}}]},"6":{"type":"branch","line":27,"loc":{"start":{"line":27,"column":22},"end":{"line":29,"column":13}},"locations":[{"start":{"line":27,"column":22},"end":{"line":29,"column":13}}]},"7":{"type":"branch","line":29,"loc":{"start":{"line":29,"column":6},"end":{"line":31,"column":7}},"locations":[{"start":{"line":29,"column":6},"end":{"line":31,"column":7}}]},"8":{"type":"branch","line":32,"loc":{"start":{"line":32,"column":4},"end":{"line":35,"column":5}},"locations":[{"start":{"line":32,"column":4},"end":{"line":35,"column":5}}]},"9":{"type":"branch","line":39,"loc":{"start":{"line":39,"column":9},"end":{"line":53,"column":3}},"locations":[{"start":{"line":39,"column":9},"end":{"line":53,"column":3}}]},"10":{"type":"branch","line":43,"loc":{"start":{"line":43,"column":36},"end":{"line":50,"column":5}},"locations":[{"start":{"line":43,"column":36},"end":{"line":50,"column":5}}]},"11":{"type":"branch","line":44,"loc":{"start":{"line":44,"column":25},"end":{"line":47,"column":13}},"locations":[{"start":{"line":44,"column":25},"end":{"line":47,"column":13}}]},"12":{"type":"branch","line":47,"loc":{"start":{"line":47,"column":6},"end":{"line":49,"column":7}},"locations":[{"start":{"line":47,"column":6},"end":{"line":49,"column":7}}]},"13":{"type":"branch","line":55,"loc":{"start":{"line":55,"column":10},"end":{"line":67,"column":3}},"locations":[{"start":{"line":55,"column":10},"end":{"line":67,"column":3}}]},"14":{"type":"branch","line":58,"loc":{"start":{"line":58,"column":22},"end":{"line":61,"column":11}},"locations":[{"start":{"line":58,"column":22},"end":{"line":61,"column":11}}]},"15":{"type":"branch","line":61,"loc":{"start":{"line":61,"column":4},"end":{"line":64,"column":5}},"locations":[{"start":{"line":61,"column":4},"end":{"line":64,"column":5}}]},"16":{"type":"branch","line":69,"loc":{"start":{"line":69,"column":9},"end":{"line":71,"column":3}},"locations":[{"start":{"line":69,"column":9},"end":{"line":71,"column":3}}]},"17":{"type":"branch","line":73,"loc":{"start":{"line":73,"column":10},"end":{"line":75,"column":3}},"locations":[{"start":{"line":73,"column":10},"end":{"line":75,"column":3}}]},"18":{"type":"branch","line":77,"loc":{"start":{"line":77,"column":10},"end":{"line":79,"column":3}},"locations":[{"start":{"line":77,"column":10},"end":{"line":79,"column":3}}]},"19":{"type":"branch","line":81,"loc":{"start":{"line":81,"column":10},"end":{"line":83,"column":3}},"locations":[{"start":{"line":81,"column":10},"end":{"line":83,"column":3}}]},"20":{"type":"branch","line":85,"loc":{"start":{"line":85,"column":10},"end":{"line":87,"column":3}},"locations":[{"start":{"line":85,"column":10},"end":{"line":87,"column":3}}]},"21":{"type":"branch","line":89,"loc":{"start":{"line":89,"column":10},"end":{"line":91,"column":3}},"locations":[{"start":{"line":89,"column":10},"end":{"line":91,"column":3}}]}},"b":{"0":[9],"1":[9],"2":[9],"3":[87],"4":[87],"5":[63],"6":[36],"7":[27],"8":[24],"9":[14],"10":[63],"11":[33],"12":[30],"13":[30],"14":[10],"15":[20],"16":[14],"17":[63],"18":[33],"19":[30],"20":[10],"21":[20]},"fnMap":{"0":{"name":"<instance_members_initializer>","decl":{"start":{"line":1,"column":7},"end":{"line":92,"column":1}},"loc":{"start":{"line":1,"column":7},"end":{"line":92,"column":1}},"line":1},"1":{"name":"Game","decl":{"start":{"line":9,"column":2},"end":{"line":13,"column":3}},"loc":{"start":{"line":9,"column":2},"end":{"line":13,"column":3}},"line":9},"2":{"name":"getScore","decl":{"start":{"line":15,"column":9},"end":{"line":17,"column":3}},"loc":{"start":{"line":15,"column":9},"end":{"line":17,"column":3}},"line":15},"3":{"name":"add","decl":{"start":{"line":19,"column":9},"end":{"line":23,"column":3}},"loc":{"start":{"line":19,"column":9},"end":{"line":23,"column":3}},"line":19},"4":{"name":"adjustCurrentFrame","decl":{"start":{"line":25,"column":10},"end":{"line":37,"column":3}},"loc":{"start":{"line":25,"column":10},"end":{"line":37,"column":3}},"line":25},"5":{"name":"scoreForFrame","decl":{"start":{"line":39,"column":9},"end":{"line":53,"column":3}},"loc":{"start":{"line":39,"column":9},"end":{"line":53,"column":3}},"line":39},"6":{"name":"handleSecondThrow","decl":{"start":{"line":55,"column":10},"end":{"line":67,"column":3}},"loc":{"start":{"line":55,"column":10},"end":{"line":67,"column":3}},"line":55},"7":{"name":"getCurrentFrame","decl":{"start":{"line":69,"column":9},"end":{"line":71,"column":3}},"loc":{"start":{"line":69,"column":9},"end":{"line":71,"column":3}},"line":69},"8":{"name":"strike","decl":{"start":{"line":73,"column":10},"end":{"line":75,"column":3}},"loc":{"start":{"line":73,"column":10},"end":{"line":75,"column":3}},"line":73},"9":{"name":"nextTwoBalls","decl":{"start":{"line":77,"column":10},"end":{"line":79,"column":3}},"loc":{"start":{"line":77,"column":10},"end":{"line":79,"column":3}},"line":77},"10":{"name":"spare","decl":{"start":{"line":81,"column":10},"end":{"line":83,"column":3}},"loc":{"start":{"line":81,"column":10},"end":{"line":83,"column":3}},"line":81},"11":{"name":"nextBall","decl":{"start":{"line":85,"column":10},"end":{"line":87,"column":3}},"loc":{"start":{"line":85,"column":10},"end":{"line":87,"column":3}},"line":85},"12":{"name":"twoBallInFrame","decl":{"start":{"line":89,"column":10},"end":{"line":91,"column":3}},"loc":{"start":{"line":89,"column":10},"end":{"line":91,"column":3}},"line":89}},"f":{"0":9,"1":9,"2":9,"3":87,"4":87,"5":14,"6":30,"7":14,"8":63,"9":33,"10":30,"11":10,"12":20}}
}
