{"C:\\Users\\41783\\Documents\\アウトプット\\Javascript\\learning-typescript\\learning_AgileSoftware\\Bowling\\src\\domain\\game.ts": {"path":"C:\\Users\\41783\\Documents\\アウトプット\\Javascript\\learning-typescript\\learning_AgileSoftware\\Bowling\\src\\domain\\game.ts","all":false,"statementMap":{"0":{"start":{"line":1,"column":0},"end":{"line":1,"column":33}},"2":{"start":{"line":3,"column":0},"end":{"line":3,"column":19}},"3":{"start":{"line":4,"column":0},"end":{"line":4,"column":30}},"4":{"start":{"line":5,"column":0},"end":{"line":5,"column":35}},"5":{"start":{"line":6,"column":0},"end":{"line":6,"column":32}},"7":{"start":{"line":8,"column":0},"end":{"line":8,"column":18}},"9":{"start":{"line":10,"column":0},"end":{"line":10,"column":29}},"10":{"start":{"line":11,"column":0},"end":{"line":11,"column":56}},"11":{"start":{"line":12,"column":0},"end":{"line":12,"column":3}},"13":{"start":{"line":14,"column":0},"end":{"line":14,"column":34}},"14":{"start":{"line":15,"column":0},"end":{"line":15,"column":31}},"15":{"start":{"line":16,"column":0},"end":{"line":16,"column":34}},"16":{"start":{"line":17,"column":0},"end":{"line":17,"column":3}},"18":{"start":{"line":19,"column":0},"end":{"line":19,"column":50}},"19":{"start":{"line":20,"column":0},"end":{"line":20,"column":47}},"20":{"start":{"line":21,"column":0},"end":{"line":21,"column":3}},"22":{"start":{"line":23,"column":0},"end":{"line":23,"column":44}},"23":{"start":{"line":24,"column":0},"end":{"line":24,"column":37}},"24":{"start":{"line":25,"column":0},"end":{"line":25,"column":26}},"25":{"start":{"line":26,"column":0},"end":{"line":26,"column":36}},"26":{"start":{"line":27,"column":0},"end":{"line":27,"column":12}},"27":{"start":{"line":28,"column":0},"end":{"line":28,"column":37}},"28":{"start":{"line":29,"column":0},"end":{"line":29,"column":5}},"29":{"start":{"line":30,"column":0},"end":{"line":30,"column":3}},"31":{"start":{"line":32,"column":0},"end":{"line":32,"column":50}},"32":{"start":{"line":33,"column":0},"end":{"line":33,"column":56}},"33":{"start":{"line":34,"column":0},"end":{"line":34,"column":3}},"35":{"start":{"line":36,"column":0},"end":{"line":36,"column":41}},"36":{"start":{"line":37,"column":0},"end":{"line":37,"column":48}},"37":{"start":{"line":38,"column":0},"end":{"line":38,"column":3}},"39":{"start":{"line":40,"column":0},"end":{"line":40,"column":32}},"40":{"start":{"line":41,"column":0},"end":{"line":41,"column":66}},"41":{"start":{"line":42,"column":0},"end":{"line":42,"column":3}},"43":{"start":{"line":44,"column":0},"end":{"line":44,"column":28}},"44":{"start":{"line":45,"column":0},"end":{"line":45,"column":32}},"45":{"start":{"line":46,"column":0},"end":{"line":46,"column":3}},"46":{"start":{"line":47,"column":0},"end":{"line":47,"column":1}}},"s":{"0":1,"2":1,"3":9,"4":9,"5":9,"7":9,"9":9,"10":9,"11":9,"13":9,"14":87,"15":87,"16":87,"18":9,"19":14,"20":14,"22":9,"23":87,"24":60,"25":60,"26":87,"27":27,"28":27,"29":87,"31":9,"32":87,"33":87,"35":9,"36":87,"37":87,"39":9,"40":60,"41":60,"43":9,"44":5,"45":5,"46":9},"branchMap":{"0":{"type":"branch","line":3,"loc":{"start":{"line":3,"column":7},"end":{"line":47,"column":1}},"locations":[{"start":{"line":3,"column":7},"end":{"line":47,"column":1}}]},"1":{"type":"branch","line":8,"loc":{"start":{"line":8,"column":2},"end":{"line":8,"column":18}},"locations":[{"start":{"line":8,"column":2},"end":{"line":8,"column":18}}]},"2":{"type":"branch","line":10,"loc":{"start":{"line":10,"column":9},"end":{"line":12,"column":3}},"locations":[{"start":{"line":10,"column":9},"end":{"line":12,"column":3}}]},"3":{"type":"branch","line":14,"loc":{"start":{"line":14,"column":9},"end":{"line":17,"column":3}},"locations":[{"start":{"line":14,"column":9},"end":{"line":17,"column":3}}]},"4":{"type":"branch","line":19,"loc":{"start":{"line":19,"column":9},"end":{"line":21,"column":3}},"locations":[{"start":{"line":19,"column":9},"end":{"line":21,"column":3}}]},"5":{"type":"branch","line":23,"loc":{"start":{"line":23,"column":10},"end":{"line":30,"column":3}},"locations":[{"start":{"line":23,"column":10},"end":{"line":30,"column":3}}]},"6":{"type":"branch","line":24,"loc":{"start":{"line":24,"column":36},"end":{"line":27,"column":11}},"locations":[{"start":{"line":24,"column":36},"end":{"line":27,"column":11}}]},"7":{"type":"branch","line":27,"loc":{"start":{"line":27,"column":4},"end":{"line":29,"column":5}},"locations":[{"start":{"line":27,"column":4},"end":{"line":29,"column":5}}]},"8":{"type":"branch","line":32,"loc":{"start":{"line":32,"column":10},"end":{"line":34,"column":3}},"locations":[{"start":{"line":32,"column":10},"end":{"line":34,"column":3}}]},"9":{"type":"branch","line":33,"loc":{"start":{"line":33,"column":27},"end":{"line":33,"column":56}},"locations":[{"start":{"line":33,"column":27},"end":{"line":33,"column":56}}]},"10":{"type":"branch","line":36,"loc":{"start":{"line":36,"column":10},"end":{"line":38,"column":3}},"locations":[{"start":{"line":36,"column":10},"end":{"line":38,"column":3}}]},"11":{"type":"branch","line":37,"loc":{"start":{"line":37,"column":16},"end":{"line":37,"column":48}},"locations":[{"start":{"line":37,"column":16},"end":{"line":37,"column":48}}]},"12":{"type":"branch","line":40,"loc":{"start":{"line":40,"column":10},"end":{"line":42,"column":3}},"locations":[{"start":{"line":40,"column":10},"end":{"line":42,"column":3}}]},"13":{"type":"branch","line":44,"loc":{"start":{"line":44,"column":9},"end":{"line":46,"column":3}},"locations":[{"start":{"line":44,"column":9},"end":{"line":46,"column":3}}]}},"b":{"0":[9],"1":[9],"2":[9],"3":[87],"4":[14],"5":[87],"6":[60],"7":[27],"8":[87],"9":[51],"10":[87],"11":[63],"12":[60],"13":[5]},"fnMap":{"0":{"name":"<instance_members_initializer>","decl":{"start":{"line":3,"column":7},"end":{"line":47,"column":1}},"loc":{"start":{"line":3,"column":7},"end":{"line":47,"column":1}},"line":3},"1":{"name":"Game","decl":{"start":{"line":8,"column":2},"end":{"line":8,"column":18}},"loc":{"start":{"line":8,"column":2},"end":{"line":8,"column":18}},"line":8},"2":{"name":"getScore","decl":{"start":{"line":10,"column":9},"end":{"line":12,"column":3}},"loc":{"start":{"line":10,"column":9},"end":{"line":12,"column":3}},"line":10},"3":{"name":"add","decl":{"start":{"line":14,"column":9},"end":{"line":17,"column":3}},"loc":{"start":{"line":14,"column":9},"end":{"line":17,"column":3}},"line":14},"4":{"name":"scoreForFrame","decl":{"start":{"line":19,"column":9},"end":{"line":21,"column":3}},"loc":{"start":{"line":19,"column":9},"end":{"line":21,"column":3}},"line":19},"5":{"name":"adjustCurrentFrame","decl":{"start":{"line":23,"column":10},"end":{"line":30,"column":3}},"loc":{"start":{"line":23,"column":10},"end":{"line":30,"column":3}},"line":23},"6":{"name":"lastBallInFrame","decl":{"start":{"line":32,"column":10},"end":{"line":34,"column":3}},"loc":{"start":{"line":32,"column":10},"end":{"line":34,"column":3}},"line":32},"7":{"name":"strike","decl":{"start":{"line":36,"column":10},"end":{"line":38,"column":3}},"loc":{"start":{"line":36,"column":10},"end":{"line":38,"column":3}},"line":36},"8":{"name":"advanceFrame","decl":{"start":{"line":40,"column":10},"end":{"line":42,"column":3}},"loc":{"start":{"line":40,"column":10},"end":{"line":42,"column":3}},"line":40},"9":{"name":"getCurrentFrame","decl":{"start":{"line":44,"column":9},"end":{"line":46,"column":3}},"loc":{"start":{"line":44,"column":9},"end":{"line":46,"column":3}},"line":44}},"f":{"0":9,"1":9,"2":9,"3":87,"4":14,"5":87,"6":87,"7":87,"8":60,"9":5}}
,"C:\\Users\\41783\\Documents\\アウトプット\\Javascript\\learning-typescript\\learning_AgileSoftware\\Bowling\\src\\domain\\score.ts": {"path":"C:\\Users\\41783\\Documents\\アウトプット\\Javascript\\learning-typescript\\learning_AgileSoftware\\Bowling\\src\\domain\\score.ts","all":false,"statementMap":{"0":{"start":{"line":1,"column":0},"end":{"line":1,"column":21}},"1":{"start":{"line":2,"column":0},"end":{"line":2,"column":14}},"2":{"start":{"line":3,"column":0},"end":{"line":3,"column":29}},"3":{"start":{"line":4,"column":0},"end":{"line":4,"column":56}},"4":{"start":{"line":5,"column":0},"end":{"line":5,"column":39}},"5":{"start":{"line":6,"column":0},"end":{"line":6,"column":6}},"7":{"start":{"line":8,"column":0},"end":{"line":8,"column":39}},"8":{"start":{"line":9,"column":0},"end":{"line":9,"column":50}},"9":{"start":{"line":10,"column":0},"end":{"line":10,"column":3}},"11":{"start":{"line":12,"column":0},"end":{"line":12,"column":47}},"12":{"start":{"line":13,"column":0},"end":{"line":13,"column":18}},"13":{"start":{"line":14,"column":0},"end":{"line":14,"column":18}},"15":{"start":{"line":16,"column":0},"end":{"line":16,"column":37}},"16":{"start":{"line":17,"column":0},"end":{"line":17,"column":26}},"17":{"start":{"line":18,"column":0},"end":{"line":18,"column":51}},"18":{"start":{"line":19,"column":0},"end":{"line":19,"column":20}},"19":{"start":{"line":20,"column":0},"end":{"line":20,"column":32}},"20":{"start":{"line":21,"column":0},"end":{"line":21,"column":46}},"21":{"start":{"line":22,"column":0},"end":{"line":22,"column":23}},"22":{"start":{"line":23,"column":0},"end":{"line":23,"column":14}},"23":{"start":{"line":24,"column":0},"end":{"line":24,"column":39}},"24":{"start":{"line":25,"column":0},"end":{"line":25,"column":23}},"25":{"start":{"line":26,"column":0},"end":{"line":26,"column":7}},"26":{"start":{"line":27,"column":0},"end":{"line":27,"column":5}},"28":{"start":{"line":29,"column":0},"end":{"line":29,"column":17}},"29":{"start":{"line":30,"column":0},"end":{"line":30,"column":3}},"31":{"start":{"line":32,"column":0},"end":{"line":32,"column":29}},"32":{"start":{"line":33,"column":0},"end":{"line":33,"column":43}},"33":{"start":{"line":34,"column":0},"end":{"line":34,"column":3}},"35":{"start":{"line":36,"column":0},"end":{"line":36,"column":43}},"36":{"start":{"line":37,"column":0},"end":{"line":37,"column":73}},"37":{"start":{"line":38,"column":0},"end":{"line":38,"column":3}},"39":{"start":{"line":40,"column":0},"end":{"line":40,"column":28}},"40":{"start":{"line":41,"column":0},"end":{"line":41,"column":75}},"41":{"start":{"line":42,"column":0},"end":{"line":42,"column":3}},"43":{"start":{"line":44,"column":0},"end":{"line":44,"column":38}},"44":{"start":{"line":45,"column":0},"end":{"line":45,"column":41}},"45":{"start":{"line":46,"column":0},"end":{"line":46,"column":3}},"47":{"start":{"line":48,"column":0},"end":{"line":48,"column":36}},"48":{"start":{"line":49,"column":0},"end":{"line":49,"column":69}},"49":{"start":{"line":50,"column":0},"end":{"line":50,"column":3}},"50":{"start":{"line":51,"column":0},"end":{"line":51,"column":1}}},"s":{"0":1,"1":1,"2":9,"3":9,"4":9,"5":9,"7":1,"8":87,"9":87,"11":1,"12":14,"13":14,"15":14,"16":63,"17":33,"18":33,"19":63,"20":10,"21":10,"22":30,"23":20,"24":20,"25":20,"26":63,"28":14,"29":14,"31":1,"32":63,"33":63,"35":1,"36":33,"37":33,"39":1,"40":30,"41":30,"43":1,"44":10,"45":10,"47":1,"48":20,"49":20,"50":1},"branchMap":{"0":{"type":"branch","line":2,"loc":{"start":{"line":2,"column":2},"end":{"line":6,"column":6}},"locations":[{"start":{"line":2,"column":2},"end":{"line":6,"column":6}}]},"1":{"type":"branch","line":8,"loc":{"start":{"line":8,"column":9},"end":{"line":10,"column":3}},"locations":[{"start":{"line":8,"column":9},"end":{"line":10,"column":3}}]},"2":{"type":"branch","line":12,"loc":{"start":{"line":12,"column":9},"end":{"line":30,"column":3}},"locations":[{"start":{"line":12,"column":9},"end":{"line":30,"column":3}}]},"3":{"type":"branch","line":16,"loc":{"start":{"line":16,"column":36},"end":{"line":27,"column":5}},"locations":[{"start":{"line":16,"column":36},"end":{"line":27,"column":5}}]},"4":{"type":"branch","line":17,"loc":{"start":{"line":17,"column":25},"end":{"line":20,"column":17}},"locations":[{"start":{"line":17,"column":25},"end":{"line":20,"column":17}}]},"5":{"type":"branch","line":20,"loc":{"start":{"line":20,"column":6},"end":{"line":26,"column":7}},"locations":[{"start":{"line":20,"column":6},"end":{"line":26,"column":7}}]},"6":{"type":"branch","line":20,"loc":{"start":{"line":20,"column":31},"end":{"line":23,"column":13}},"locations":[{"start":{"line":20,"column":31},"end":{"line":23,"column":13}}]},"7":{"type":"branch","line":23,"loc":{"start":{"line":23,"column":6},"end":{"line":26,"column":7}},"locations":[{"start":{"line":23,"column":6},"end":{"line":26,"column":7}}]},"8":{"type":"branch","line":32,"loc":{"start":{"line":32,"column":10},"end":{"line":34,"column":3}},"locations":[{"start":{"line":32,"column":10},"end":{"line":34,"column":3}}]},"9":{"type":"branch","line":36,"loc":{"start":{"line":36,"column":10},"end":{"line":38,"column":3}},"locations":[{"start":{"line":36,"column":10},"end":{"line":38,"column":3}}]},"10":{"type":"branch","line":40,"loc":{"start":{"line":40,"column":10},"end":{"line":42,"column":3}},"locations":[{"start":{"line":40,"column":10},"end":{"line":42,"column":3}}]},"11":{"type":"branch","line":44,"loc":{"start":{"line":44,"column":10},"end":{"line":46,"column":3}},"locations":[{"start":{"line":44,"column":10},"end":{"line":46,"column":3}}]},"12":{"type":"branch","line":48,"loc":{"start":{"line":48,"column":10},"end":{"line":50,"column":3}},"locations":[{"start":{"line":48,"column":10},"end":{"line":50,"column":3}}]}},"b":{"0":[9],"1":[87],"2":[14],"3":[63],"4":[33],"5":[30],"6":[10],"7":[20],"8":[63],"9":[33],"10":[30],"11":[10],"12":[20]},"fnMap":{"0":{"name":"Scorer","decl":{"start":{"line":2,"column":2},"end":{"line":6,"column":6}},"loc":{"start":{"line":2,"column":2},"end":{"line":6,"column":6}},"line":2},"1":{"name":"addThrow","decl":{"start":{"line":8,"column":9},"end":{"line":10,"column":3}},"loc":{"start":{"line":8,"column":9},"end":{"line":10,"column":3}},"line":8},"2":{"name":"scoreForFrame","decl":{"start":{"line":12,"column":9},"end":{"line":30,"column":3}},"loc":{"start":{"line":12,"column":9},"end":{"line":30,"column":3}},"line":12},"3":{"name":"strike","decl":{"start":{"line":32,"column":10},"end":{"line":34,"column":3}},"loc":{"start":{"line":32,"column":10},"end":{"line":34,"column":3}},"line":32},"4":{"name":"nextTwoBallsForStrike","decl":{"start":{"line":36,"column":10},"end":{"line":38,"column":3}},"loc":{"start":{"line":36,"column":10},"end":{"line":38,"column":3}},"line":36},"5":{"name":"spare","decl":{"start":{"line":40,"column":10},"end":{"line":42,"column":3}},"loc":{"start":{"line":40,"column":10},"end":{"line":42,"column":3}},"line":40},"6":{"name":"nextBallForSpare","decl":{"start":{"line":44,"column":10},"end":{"line":46,"column":3}},"loc":{"start":{"line":44,"column":10},"end":{"line":46,"column":3}},"line":44},"7":{"name":"twoBallInFrame","decl":{"start":{"line":48,"column":10},"end":{"line":50,"column":3}},"loc":{"start":{"line":48,"column":10},"end":{"line":50,"column":3}},"line":48}},"f":{"0":9,"1":87,"2":14,"3":63,"4":33,"5":30,"6":10,"7":20}}
}
